  [4;36;1mSQL (0.3ms)[0m   [0;1m SELECT name
 FROM sqlite_master
 WHERE type = 'table' AND NOT name = 'sqlite_sequence'
[0m
  [4;35;1mSQL (0.1ms)[0m   [0mselect sqlite_version(*)[0m
  [4;36;1mSQL (3.1ms)[0m   [0;1mCREATE TABLE "schema_migrations" ("version" varchar(255) NOT NULL) [0m
  [4;35;1mSQL (2.1ms)[0m   [0mCREATE UNIQUE INDEX "unique_schema_migrations" ON "schema_migrations" ("version")[0m
  [4;36;1mSQL (0.2ms)[0m   [0;1m SELECT name
 FROM sqlite_master
 WHERE type = 'table' AND NOT name = 'sqlite_sequence'
[0m
  [4;35;1mSQL (0.1ms)[0m   [0mSELECT version FROM schema_migrations[0m
Migrating to CreateUsers (20100325122256)
  [4;36;1mSQL (0.9ms)[0m   [0;1mCREATE TABLE "users" ("id" INTEGER PRIMARY KEY AUTOINCREMENT NOT NULL, "name" varchar(255), "salt" varchar(255), "hashed_password" varchar(255), "created_at" datetime, "updated_at" datetime) [0m
  [4;35;1mSQL (0.1ms)[0m   [0mINSERT INTO schema_migrations (version) VALUES ('20100325122256')[0m
  [4;36;1mSQL (0.4ms)[0m   [0;1m SELECT name
 FROM sqlite_master
 WHERE type = 'table' AND NOT name = 'sqlite_sequence'
[0m
  [4;35;1mSQL (0.1ms)[0m   [0mSELECT version FROM schema_migrations[0m
  [4;36;1mSQL (0.2ms)[0m   [0;1m SELECT name
 FROM sqlite_master
 WHERE type = 'table' AND NOT name = 'sqlite_sequence'
[0m
  [4;35;1mSQL (0.0ms)[0m   [0mPRAGMA index_list("users")[0m
  [4;36;1mSQL (0.4ms)[0m   [0;1m SELECT name
 FROM sqlite_master
 WHERE type = 'table' AND NOT name = 'sqlite_sequence'
[0m
  [4;35;1mSQL (0.1ms)[0m   [0mSELECT version FROM schema_migrations[0m
Migrating to CreateUsers (20100325122256)
  [4;36;1mSQL (0.1ms)[0m   [0;1mselect sqlite_version(*)[0m
  [4;35;1mSQL (0.2ms)[0m   [0m SELECT name
 FROM sqlite_master
 WHERE type = 'table' AND NOT name = 'sqlite_sequence'
[0m
  [4;36;1mSQL (0.1ms)[0m   [0;1mSELECT version FROM schema_migrations[0m
  [4;35;1mSQL (0.2ms)[0m   [0m SELECT name
 FROM sqlite_master
 WHERE type = 'table' AND NOT name = 'sqlite_sequence'
[0m
  [4;36;1mSQL (0.0ms)[0m   [0;1mPRAGMA index_list("users")[0m
  [4;36;1mSQL (0.4ms)[0m   [0;1m SELECT name
 FROM sqlite_master
 WHERE type = 'table' AND NOT name = 'sqlite_sequence'
[0m
  [4;35;1mSQL (0.1ms)[0m   [0mSELECT version FROM schema_migrations[0m
Migrating to CreateUsers (20100325122256)
  [4;36;1mSQL (0.1ms)[0m   [0;1mselect sqlite_version(*)[0m
  [4;35;1mSQL (0.2ms)[0m   [0m SELECT name
 FROM sqlite_master
 WHERE type = 'table' AND NOT name = 'sqlite_sequence'
[0m
  [4;36;1mSQL (0.1ms)[0m   [0;1mSELECT version FROM schema_migrations[0m
  [4;35;1mSQL (0.2ms)[0m   [0m SELECT name
 FROM sqlite_master
 WHERE type = 'table' AND NOT name = 'sqlite_sequence'
[0m
  [4;36;1mSQL (0.0ms)[0m   [0;1mPRAGMA index_list("users")[0m


Processing UserController#create (for 127.0.0.1 at 2010-03-25 14:33:12) [GET]
Rendering user/create
Completed in 53ms (View: 52, DB: 0) | 200 OK [http://localhost/user/create]
  [4;36;1mSQL (0.4ms)[0m   [0;1m SELECT name
 FROM sqlite_master
 WHERE type = 'table' AND NOT name = 'sqlite_sequence'
[0m
  [4;36;1mUser Create (0.4ms)[0m   [0;1mINSERT INTO "users" ("name", "salt", "created_at", "updated_at", "hashed_password") VALUES('pekka', NULL, '2010-03-25 12:49:24', '2010-03-25 12:49:24', 'xgg')[0m
  [4;36;1mUser Create (1.7ms)[0m   [0;1mINSERT INTO "users" ("name", "salt", "created_at", "updated_at", "hashed_password") VALUES('pekkaxxx', NULL, '2010-03-25 12:50:15', '2010-03-25 12:50:15', 'xgg')[0m


Processing ApplicationController#index (for 127.0.0.1 at 2010-03-25 15:12:01) [GET]

ActionController::RoutingError (No route matches "/session/create" with {:method=>:get}):
  -e:1:in `load'
  -e:1

Rendering rescues/layout (not_found)


Processing ApplicationController#index (for 127.0.0.1 at 2010-03-25 15:12:10) [GET]

ActionController::RoutingError (No route matches "/session/new" with {:method=>:get}):
  -e:1:in `load'
  -e:1

Rendering rescues/layout (not_found)


Processing SessionController#new (for 127.0.0.1 at 2010-03-25 15:12:55) [GET]

ActionController::UnknownAction (No action responded to new. Actions: create, destroy, log_user_in, and show):
  -e:1:in `load'
  -e:1

Rendering rescues/layout (not_found)


Processing SessionController#create (for 127.0.0.1 at 2010-03-25 15:13:03) [GET]
Redirected to http://localhost:3000/sessions
Completed in 30ms (DB: 0) | 302 Found [http://localhost/session/create]


Processing ApplicationController#show (for 127.0.0.1 at 2010-03-25 15:13:03) [GET]

NameError (uninitialized constant SessionsController):
  -e:1:in `load'
  -e:1

Rendered rescues/_trace (31.6ms)
Rendered rescues/_request_and_response (1.2ms)
Rendering rescues/layout (internal_server_error)


Processing ApplicationController#index (for 127.0.0.1 at 2010-03-25 15:13:51) [GET]

ActionController::RoutingError (No route matches "/sessions" with {:method=>:get}):
  -e:1:in `load'
  -e:1

Rendering rescues/layout (not_found)


Processing ApplicationController#index (for 127.0.0.1 at 2010-03-25 15:13:52) [GET]

ActionController::RoutingError (No route matches "/sessions" with {:method=>:get}):
  -e:1:in `load'
  -e:1

Rendering rescues/layout (not_found)


Processing SessionController#index (for 127.0.0.1 at 2010-03-25 15:13:59) [GET]

ActionController::UnknownAction (No action responded to index. Actions: create, destroy, log_user_in, and show):
  -e:1:in `load'
  -e:1

Rendering rescues/layout (not_found)


Processing SessionController#new (for 127.0.0.1 at 2010-03-25 15:14:07) [GET]

ActionController::UnknownAction (No action responded to new. Actions: create, destroy, log_user_in, and show):
  -e:1:in `load'
  -e:1

Rendering rescues/layout (not_found)


Processing SessionController#show (for 127.0.0.1 at 2010-03-25 15:14:11) [GET]
Rendering session/show
Completed in 110ms (View: 108, DB: 0) | 200 OK [http://localhost/session/show]


Processing SessionController#show (for 127.0.0.1 at 2010-03-25 15:14:57) [POST]
  Parameters: {"commit"=>"Save changes", "authenticity_token"=>"pETPlGz0nRwB8AOqpIlQuNgwG+ZiJAYTgg+Jp89b2J8=", "user"=>{"name"=>"pekkaxxx", "password"=>"ggg"}}
Rendering session/show
Completed in 5ms (View: 3, DB: 0) | 200 OK [http://localhost/session/show]


Processing SessionController#show (for 127.0.0.1 at 2010-03-25 15:15:10) [POST]
  Parameters: {"commit"=>"Save changes", "authenticity_token"=>"pETPlGz0nRwB8AOqpIlQuNgwG+ZiJAYTgg+Jp89b2J8=", "user"=>{"name"=>"pekkaxxx", "password"=>"ggx"}}
Rendering session/show
Completed in 5ms (View: 3, DB: 0) | 200 OK [http://localhost/session/show]


Processing SessionController#show (for 127.0.0.1 at 2010-03-25 15:19:58) [GET]
Rendering session/show
Completed in 81ms (View: 80, DB: 0) | 200 OK [http://localhost/session/show]


Processing SessionController#show (for 127.0.0.1 at 2010-03-25 15:20:07) [POST]
  Parameters: {"commit"=>"Save changes", "authenticity_token"=>"pETPlGz0nRwB8AOqpIlQuNgwG+ZiJAYTgg+Jp89b2J8=", "user"=>{"name"=>"pekkaxxx", "password"=>"ggx"}}
Rendering session/show
Completed in 5ms (View: 3, DB: 0) | 200 OK [http://localhost/session/show]


Processing SessionController#show (for 127.0.0.1 at 2010-03-25 15:20:11) [POST]
  Parameters: {"commit"=>"Save changes", "authenticity_token"=>"pETPlGz0nRwB8AOqpIlQuNgwG+ZiJAYTgg+Jp89b2J8=", "user"=>{"name"=>"rgfg", "password"=>"dfgdfg"}}
Rendering session/show
Completed in 4ms (View: 3, DB: 0) | 200 OK [http://localhost/session/show]


Processing SessionController#show (for 127.0.0.1 at 2010-03-25 15:20:14) [POST]
  Parameters: {"commit"=>"Save changes", "authenticity_token"=>"pETPlGz0nRwB8AOqpIlQuNgwG+ZiJAYTgg+Jp89b2J8=", "user"=>{"name"=>"dfgdfg", "password"=>"dfgdfg"}}
Rendering session/show
Completed in 4ms (View: 3, DB: 0) | 200 OK [http://localhost/session/show]


Processing SessionController#show (for 127.0.0.1 at 2010-03-25 15:22:03) [POST]
  Parameters: {"commit"=>"Save changes", "authenticity_token"=>"pETPlGz0nRwB8AOqpIlQuNgwG+ZiJAYTgg+Jp89b2J8=", "user"=>{"name"=>"dfgdfg", "password"=>"dfgdfg"}}
Rendering session/show
Completed in 9ms (View: 7, DB: 0) | 200 OK [http://localhost/session/show]


Processing SessionController#show (for 127.0.0.1 at 2010-03-25 15:22:06) [GET]
Rendering session/show
Completed in 6ms (View: 4, DB: 0) | 200 OK [http://localhost/session/show]


Processing SessionController#show (for 127.0.0.1 at 2010-03-25 15:23:09) [GET]
Rendering session/show
Completed in 10ms (View: 8, DB: 0) | 200 OK [http://localhost/session/show]


Processing SessionController#show (for 127.0.0.1 at 2010-03-25 15:23:11) [GET]
Rendering session/show
Completed in 5ms (View: 3, DB: 0) | 200 OK [http://localhost/session/show]


Processing SessionController#show (for 127.0.0.1 at 2010-03-25 15:23:19) [POST]
  Parameters: {"commit"=>"Save changes", "authenticity_token"=>"pETPlGz0nRwB8AOqpIlQuNgwG+ZiJAYTgg+Jp89b2J8=", "user"=>{"name"=>"aklsfj", "password"=>"dlskjfgh"}}
Rendering session/show
Completed in 5ms (View: 3, DB: 0) | 200 OK [http://localhost/session/show]


Processing SessionController#show (for 127.0.0.1 at 2010-03-25 15:25:07) [POST]
  Parameters: {"commit"=>"Save changes", "authenticity_token"=>"pETPlGz0nRwB8AOqpIlQuNgwG+ZiJAYTgg+Jp89b2J8=", "user"=>{"name"=>"aklsfj", "password"=>"dlskjfgh"}}
Rendering session/show
Completed in 5ms (View: 3, DB: 0) | 200 OK [http://localhost/session/show]


Processing SessionController#show (for 127.0.0.1 at 2010-03-25 15:26:15) [POST]
  Parameters: {"commit"=>"Save changes", "authenticity_token"=>"pETPlGz0nRwB8AOqpIlQuNgwG+ZiJAYTgg+Jp89b2J8=", "user"=>{"name"=>"aklsfj", "password"=>"dlskjfgh"}}
Rendering session/show
Completed in 73ms (View: 71, DB: 0) | 200 OK [http://localhost/session/show]


Processing SessionController#show (for 127.0.0.1 at 2010-03-25 15:26:20) [POST]
  Parameters: {"commit"=>"Save changes", "session"=>{"name"=>"sdg", "password"=>"gfd"}, "authenticity_token"=>"pETPlGz0nRwB8AOqpIlQuNgwG+ZiJAYTgg+Jp89b2J8="}
Rendering session/show
Completed in 5ms (View: 3, DB: 0) | 200 OK [http://localhost/session/show]


Processing SessionController#show (for 127.0.0.1 at 2010-03-25 15:28:45) [POST]
  Parameters: {"commit"=>"Save changes", "session"=>{"name"=>"sdg", "password"=>"gfd"}, "authenticity_token"=>"pETPlGz0nRwB8AOqpIlQuNgwG+ZiJAYTgg+Jp89b2J8="}
Rendering session/show
Completed in 9ms (View: 8, DB: 0) | 200 OK [http://localhost/session/show]


Processing SessionController#create (for 127.0.0.1 at 2010-03-25 15:28:50) [POST]
  Parameters: {"commit"=>"Save changes", "session"=>{"name"=>"kjhsagd", "password"=>"ldkjhg"}, "authenticity_token"=>"pETPlGz0nRwB8AOqpIlQuNgwG+ZiJAYTgg+Jp89b2J8="}

RuntimeError (Ding):
  app/controllers/session_controller.rb:3:in `create'
  -e:1:in `load'
  -e:1

Rendered rescues/_trace (38.0ms)
Rendered rescues/_request_and_response (1.3ms)
Rendering rescues/layout (internal_server_error)


Processing SessionController#create (for 127.0.0.1 at 2010-03-25 15:29:22) [POST]
  Parameters: {"commit"=>"Save changes", "session"=>{"name"=>"kjhsagd", "password"=>"adfgs"}, "authenticity_token"=>"pETPlGz0nRwB8AOqpIlQuNgwG+ZiJAYTgg+Jp89b2J8="}

NameError (undefined local variable or method `sessions_path' for #<SessionController:0x1041f88d0>):
  app/controllers/session_controller.rb:8:in `create'
  -e:1:in `load'
  -e:1

Rendered rescues/_trace (103.4ms)
Rendered rescues/_request_and_response (0.4ms)
Rendering rescues/layout (internal_server_error)


Processing SessionController#create (for 127.0.0.1 at 2010-03-25 15:30:02) [POST]
  Parameters: {"commit"=>"Save changes", "session"=>{"name"=>"kjhsagd", "password"=>"adfgs"}, "authenticity_token"=>"pETPlGz0nRwB8AOqpIlQuNgwG+ZiJAYTgg+Jp89b2J8="}
Redirected to http://localhost:3000/session
Completed in 5ms (DB: 0) | 302 Found [http://localhost/session/create]


Processing SessionController#index (for 127.0.0.1 at 2010-03-25 15:30:02) [GET]

ActionController::UnknownAction (No action responded to index. Actions: create, destroy, log_user_in, and show):
  -e:1:in `load'
  -e:1

Rendering rescues/layout (not_found)
